<<<<<<< HEAD
#
# There is insufficient memory for the Java Runtime Environment to continue.
# Native memory allocation (mmap) failed to map 536870912 bytes for G1 virtual space
# Possible reasons:
#   The system is out of physical RAM or swap space
#   The process is running with CompressedOops enabled, and the Java Heap may be blocking the growth of the native heap
# Possible solutions:
#   Reduce memory load on the system
#   Increase physical memory or swap space
#   Check if swap backing store is full
#   Decrease Java heap size (-Xmx/-Xms)
#   Decrease number of Java threads
#   Decrease Java thread stack sizes (-Xss)
#   Set larger code cache with -XX:ReservedCodeCacheSize=
#   JVM is running with Zero Based Compressed Oops mode in which the Java heap is
#     placed in the first 32GB address space. The Java Heap base address is the
#     maximum limit for the native heap growth. Please use -XX:HeapBaseMinAddress
#     to set the Java Heap base and to place the Java Heap above 32GB virtual address.
# This output file may be truncated or incomplete.
#
#  Out of Memory Error (./open/src/hotspot/os/windows/os_windows.cpp:3321), pid=12480, tid=12036
#
# JRE version:  (15.0.2+7) (build )
# Java VM: OpenJDK 64-Bit Server VM (15.0.2+7-27, mixed mode, sharing, tiered, compressed oops, g1 gc, windows-amd64)
# No core dump will be written. Minidumps are not enabled by default on client versions of Windows
#

---------------  S U M M A R Y ------------

Command Line: -Dfile.encoding=Cp1251 -XX:+ShowCodeDetailsInExceptionMessages Hello

Host: Intel(R) Core(TM) i7-8700 CPU @ 3.20GHz, 12 cores, 31G,  Windows 10 , 64 bit Build 19041 (10.0.19041.928)
Time: Sat Apr 24 20:16:58 2021 RTZ 2 (зима) elapsed time: 0.007187 seconds (0d 0h 0m 0s)

---------------  T H R E A D  ---------------

Current thread (0x000002567d221850):  JavaThread "Unknown thread" [_thread_in_vm, id=12036, stack(0x0000007e9bc00000,0x0000007e9bd00000)]

Stack: [0x0000007e9bc00000,0x0000007e9bd00000]
Native frames: (J=compiled Java code, j=interpreted, Vv=VM code, C=native code)
V  [jvm.dll+0x62ae9a]
V  [jvm.dll+0x7817a9]
V  [jvm.dll+0x782f03]
V  [jvm.dll+0x783563]
V  [jvm.dll+0x216325]
V  [jvm.dll+0x6281d9]
V  [jvm.dll+0x61cf55]
V  [jvm.dll+0x2cffdd]
V  [jvm.dll+0x2cfe42]
V  [jvm.dll+0x2d5e1c]
V  [jvm.dll+0x32590a]
V  [jvm.dll+0x324fd4]
V  [jvm.dll+0x2a6f5a]
V  [jvm.dll+0x2a80f8]
V  [jvm.dll+0x75e241]
V  [jvm.dll+0x3341c4]
V  [jvm.dll+0x73e926]
V  [jvm.dll+0x3b7557]
V  [jvm.dll+0x3b8fe1]
C  [jli.dll+0x52fb]
C  [ucrtbase.dll+0x21bb2]
C  [KERNEL32.DLL+0x17034]
C  [ntdll.dll+0x52651]


---------------  P R O C E S S  ---------------

Threads class SMR info:
_java_thread_list=0x00007ff8816d4ff0, length=0, elements={
}

Java Threads: ( => current thread )

Other Threads:
  0x000002567d296da0 GCTaskThread "GC Thread#0" [stack: 0x0000007e9bd00000,0x0000007e9be00000] [id=5404]
  0x000002567d2a9770 ConcurrentGCThread "G1 Main Marker" [stack: 0x0000007e9be00000,0x0000007e9bf00000] [id=13316]
  0x000002567d2aa3e0 ConcurrentGCThread "G1 Conc#0" [stack: 0x0000007e9bf00000,0x0000007e9c000000] [id=1044]

[error occurred during error reporting (printing all threads), id 0xc0000005, EXCEPTION_ACCESS_VIOLATION (0xc0000005) at pc=0x00007ff880ec7e27]

VM state: not at safepoint (not fully initialized)

VM Mutex/Monitor currently owned by a thread:  ([mutex/lock_event])
[0x000002567d21d5b0] Heap_lock - owner thread: 0x000002567d221850

Heap address: 0x0000000601400000, size: 8172 MB, Compressed Oops mode: Zero based, Oop shift amount: 3
CDS archive(s) mapped at: [0x0000000000000000-0x0000000000000000-0x0000000000000000), size 0, SharedBaseAddress: 0x0000000800000000, ArchiveRelocationMode: 0.
Narrow klass base: 0x0000000000000000, Narrow klass shift: 0, Narrow klass range: 0x0

Heap:
 garbage-first heap   total 524288K, used 0K [0x0000000601400000, 0x0000000800000000)
  region size 4096K, 0 young (0K), 0 survivors (0K)
 Metaspace       used 0K, capacity 0K, committed 0K, reserved 0K
  class space    used 0K, capacity 0K, committed 0K, reserved 0K

Heap Regions: E=young(eden), S=young(survivor), O=old, HS=humongous(starts), HC=humongous(continues), CS=collection set, F=free, OA=open archive, CA=closed archive, TAMS=top-at-mark-start (previous, next)

Card table byte_map: [0x0000025613940000,0x0000025614940000] _byte_map_base: 0x0000025610936000

Marking Bits (Prev, Next): (CMBitMap*) 0x000002567d298620, (CMBitMap*) 0x000002567d298660
 Prev Bits: [0x0000025615940000, 0x000002561d8f0000)
 Next Bits: [0x000002561d8f0000, 0x00000256258a0000)

GC Heap History (0 events):
No events

Deoptimization events (0 events):
No events

Classes unloaded (0 events):
No events

Classes redefined (0 events):
No events

Internal exceptions (0 events):
No events

Events (1 events):
Event: 0.004 Loaded shared library C:\Users\Никита\.p2\pool\plugins\org.eclipse.justj.openjdk.hotspot.jre.full.win32.x86_64_15.0.2.v20210201-0955\jre\bin\java.dll


Dynamic libraries:
0x00007ff7561b0000 - 0x00007ff7561bd000 	C:\Users\Никита\.p2\pool\plugins\org.eclipse.justj.openjdk.hotspot.jre.full.win32.x86_64_15.0.2.v20210201-0955\jre\bin\javaw.exe
0x00007ff8e70f0000 - 0x00007ff8e72e5000 	C:\WINDOWS\SYSTEM32\ntdll.dll
0x00007ff8e5ab0000 - 0x00007ff8e5b6d000 	C:\WINDOWS\System32\KERNEL32.DLL
0x00007ff8e48d0000 - 0x00007ff8e4b98000 	C:\WINDOWS\System32\KERNELBASE.dll
0x00007ff8e4d20000 - 0x00007ff8e4e20000 	C:\WINDOWS\System32\ucrtbase.dll
0x00007ff8cf990000 - 0x00007ff8cf9a8000 	C:\Users\Никита\.p2\pool\plugins\org.eclipse.justj.openjdk.hotspot.jre.full.win32.x86_64_15.0.2.v20210201-0955\jre\bin\jli.dll
0x00007ff8cf970000 - 0x00007ff8cf989000 	C:\Users\Никита\.p2\pool\plugins\org.eclipse.justj.openjdk.hotspot.jre.full.win32.x86_64_15.0.2.v20210201-0955\jre\bin\VCRUNTIME140.dll
0x00007ff8e5300000 - 0x00007ff8e54a0000 	C:\WINDOWS\System32\USER32.dll
0x00007ff8c9730000 - 0x00007ff8c99ca000 	C:\WINDOWS\WinSxS\amd64_microsoft.windows.common-controls_6595b64144ccf1df_6.0.19041.844_none_ca00b6081b84eb1d\COMCTL32.dll
0x00007ff8e50f0000 - 0x00007ff8e5112000 	C:\WINDOWS\System32\win32u.dll
0x00007ff8e5800000 - 0x00007ff8e582a000 	C:\WINDOWS\System32\GDI32.dll
0x00007ff8e5150000 - 0x00007ff8e51ee000 	C:\WINDOWS\System32\msvcrt.dll
0x00007ff8e4e80000 - 0x00007ff8e4f8b000 	C:\WINDOWS\System32\gdi32full.dll
0x00007ff8e4830000 - 0x00007ff8e48cd000 	C:\WINDOWS\System32\msvcp_win.dll
0x00007ff8e5d90000 - 0x00007ff8e5dc0000 	C:\WINDOWS\System32\IMM32.DLL
0x00007ff8dff30000 - 0x00007ff8dff3c000 	C:\Users\Никита\.p2\pool\plugins\org.eclipse.justj.openjdk.hotspot.jre.full.win32.x86_64_15.0.2.v20210201-0955\jre\bin\vcruntime140_1.dll
0x00007ff8cd390000 - 0x00007ff8cd421000 	C:\Users\Никита\.p2\pool\plugins\org.eclipse.justj.openjdk.hotspot.jre.full.win32.x86_64_15.0.2.v20210201-0955\jre\bin\msvcp140.dll
0x00007ff880c10000 - 0x00007ff88176e000 	C:\Users\Никита\.p2\pool\plugins\org.eclipse.justj.openjdk.hotspot.jre.full.win32.x86_64_15.0.2.v20210201-0955\jre\bin\server\jvm.dll
0x00007ff8e5ef0000 - 0x00007ff8e5f9c000 	C:\WINDOWS\System32\ADVAPI32.dll
0x00007ff8e5b70000 - 0x00007ff8e5c0b000 	C:\WINDOWS\System32\sechost.dll
0x00007ff8e6070000 - 0x00007ff8e619b000 	C:\WINDOWS\System32\RPCRT4.dll
0x00007ff8e5ee0000 - 0x00007ff8e5ee8000 	C:\WINDOWS\System32\PSAPI.DLL
0x00007ff8dffe0000 - 0x00007ff8dffe9000 	C:\WINDOWS\SYSTEM32\WSOCK32.dll
0x00007ff8de0f0000 - 0x00007ff8de0fa000 	C:\WINDOWS\SYSTEM32\VERSION.dll
0x00007ff8db1d0000 - 0x00007ff8db1f7000 	C:\WINDOWS\SYSTEM32\WINMM.dll
0x00007ff8e5c10000 - 0x00007ff8e5c7b000 	C:\WINDOWS\System32\WS2_32.dll
0x00007ff8e2970000 - 0x00007ff8e2982000 	C:\WINDOWS\SYSTEM32\kernel.appcore.dll
0x00007ff8dff70000 - 0x00007ff8dff7a000 	C:\Users\Никита\.p2\pool\plugins\org.eclipse.justj.openjdk.hotspot.jre.full.win32.x86_64_15.0.2.v20210201-0955\jre\bin\jimage.dll
0x00007ff8e2760000 - 0x00007ff8e2944000 	C:\WINDOWS\SYSTEM32\DBGHELP.DLL
0x00007ff8d0200000 - 0x00007ff8d022c000 	C:\WINDOWS\SYSTEM32\dbgcore.DLL
0x00007ff8e4c50000 - 0x00007ff8e4cd0000 	C:\WINDOWS\System32\bcryptPrimitives.dll
0x00007ff8d08f0000 - 0x00007ff8d0915000 	C:\Users\Никита\.p2\pool\plugins\org.eclipse.justj.openjdk.hotspot.jre.full.win32.x86_64_15.0.2.v20210201-0955\jre\bin\java.dll

dbghelp: loaded successfully - version: 4.0.5 - missing functions: none
symbol engine: initialized successfully - sym options: 0x614 - pdb path: .;C:\Users\Никита\.p2\pool\plugins\org.eclipse.justj.openjdk.hotspot.jre.full.win32.x86_64_15.0.2.v20210201-0955\jre\bin;C:\WINDOWS\SYSTEM32;C:\WINDOWS\WinSxS\amd64_microsoft.windows.common-controls_6595b64144ccf1df_6.0.19041.844_none_ca00b6081b84eb1d;C:\Users\Никита\.p2\pool\plugins\org.eclipse.justj.openjdk.hotspot.jre.full.win32.x86_64_15.0.2.v20210201-0955\jre\bin\server

VM Arguments:
jvm_args: -Dfile.encoding=Cp1251 -XX:+ShowCodeDetailsInExceptionMessages 
java_command: Hello
java_class_path (initial): C:\Users\Никита\eclipse-workspace\First\bin
Launcher Type: SUN_STANDARD

[Global flags]
     intx CICompilerCount                          = 4                                         {product} {ergonomic}
     uint ConcGCThreads                            = 3                                         {product} {ergonomic}
     uint G1ConcRefinementThreads                  = 10                                        {product} {ergonomic}
   size_t G1HeapRegionSize                         = 4194304                                   {product} {ergonomic}
    uintx GCDrainStackTargetSize                   = 64                                        {product} {ergonomic}
   size_t InitialHeapSize                          = 536870912                                 {product} {ergonomic}
   size_t MarkStackSize                            = 4194304                                   {product} {ergonomic}
   size_t MaxHeapSize                              = 8568963072                                {product} {ergonomic}
   size_t MinHeapDeltaBytes                        = 4194304                                   {product} {ergonomic}
   size_t MinHeapSize                              = 8388608                                   {product} {ergonomic}
    uintx NonNMethodCodeHeapSize                   = 5839372                                {pd product} {ergonomic}
    uintx NonProfiledCodeHeapSize                  = 122909434                              {pd product} {ergonomic}
    uintx ProfiledCodeHeapSize                     = 122909434                              {pd product} {ergonomic}
    uintx ReservedCodeCacheSize                    = 251658240                              {pd product} {ergonomic}
     bool SegmentedCodeCache                       = true                                      {product} {ergonomic}
     bool ShowCodeDetailsInExceptionMessages       = true                                   {manageable} {command line}
   size_t SoftMaxHeapSize                          = 8568963072                             {manageable} {ergonomic}
     bool UseCompressedClassPointers               = true                                 {lp64_product} {ergonomic}
     bool UseCompressedOops                        = true                                 {lp64_product} {ergonomic}
     bool UseG1GC                                  = true                                      {product} {ergonomic}
     bool UseLargePagesIndividualAllocation        = false                                  {pd product} {ergonomic}

Logging:
Log output configuration:
 #0: stdout all=warning uptime,level,tags
 #1: stderr all=off uptime,level,tags

Environment Variables:
PATH=C:/Users/Никита/.p2/pool/plugins/org.eclipse.justj.openjdk.hotspot.jre.full.win32.x86_64_15.0.2.v20210201-0955/jre/bin/server;C:/Users/Никита/.p2/pool/plugins/org.eclipse.justj.openjdk.hotspot.jre.full.win32.x86_64_15.0.2.v20210201-0955/jre/bin;C:\Program Files (x86)\Borland\Delphi7\Bin;C:\Program Files (x86)\Borland\Delphi7\Projects\Bpl\;C:\Program Files (x86)\Common Files\Oracle\Java\javapath;C:\Program Files (x86)\Intel\Intel(R) Management Engine Components\iCLS\;C:\Program Files\Intel\Intel(R) Management Engine Components\iCLS\;C:\Windows\system32;C:\Windows;C:\Windows\System32\Wbem;C:\Windows\System32\WindowsPowerShell\v1.0\;C:\Windows\System32\OpenSSH\;C:\Program Files (x86)\Intel\Intel(R) Management Engine Components\DAL;C:\Program Files\Intel\Intel(R) Management Engine Components\DAL;C:\Program Files (x86)\Intel\Intel(R) Management Engine Components\IPT;C:\Program Files\Intel\Intel(R) Management Engine Components\IPT;C:\Program Files\NVIDIA Corporation\NVIDIA NvDLISR;C:\Program Files (x86)\NVIDIA Corporation\PhysX\Common;C:\FPC\3.0.4\bin\i386-Win32;C:\Program Files (x86)\Java\jdk-11.0.2;C:\Program Files\dotnet\;C:\Program Files\Microsoft SQL Server\130\Tools\Binn\;C:\Program Files\Microsoft SQL Server\Client SDK\ODBC\170\Tools\Binn\;C:\Program Files\nodejs\;C:\WINDOWS\system32;C:\WINDOWS;C:\WINDOWS\System32\Wbem;C:\WINDOWS\System32\WindowsPowerShell\v1.0\;C:\WINDOWS\System32\OpenSSH\;C:\Program Files (x86)\Rational\common;C:\Users\Никита\AppData\Local\Programs\Python\Python38-32\Scripts\;C:\Users\Никита\AppData\Local\Programs\Python\Python38-32\;C:\Users\Никита\AppData\Local\Microsoft\WindowsApps;C:\Users\Никита\AppData\Roaming\npm;C:\Program Files\JetBrains\WebStorm 2019.3.1\bin;;;C:\DataGrip 2020.1.5\bin;;C:\WINDOWS\system32;
USERNAME=Никита
OS=Windows_NT
PROCESSOR_IDENTIFIER=Intel64 Family 6 Model 158 Stepping 10, GenuineIntel



---------------  S Y S T E M  ---------------

OS:
 Windows 10 , 64 bit Build 19041 (10.0.19041.928)
OS uptime: 0 days 11:48 hours

CPU: total 12 (initial active 12) (6 cores per cpu, 2 threads per core) family 6 model 158 stepping 10 microcode 0xde, cmov, cx8, fxsr, mmx, sse, sse2, sse3, ssse3, sse4.1, sse4.2, popcnt, vzeroupper, avx, avx2, aes, clmul, erms, rtm, 3dnowpref, lzcnt, ht, tsc, tscinvbit, bmi1, bmi2, adx, fma, clflush, clflushopt

Memory: 4k page, system-wide physical 32684M (24500M free)
TotalPageFile size 32684M (AvailPageFile size 89M)
current process WorkingSet (physical memory assigned to process): 10M, peak: 10M
current process commit charge ("private bytes"): 64M, peak: 576M

vm_info: OpenJDK 64-Bit Server VM (15.0.2+7-27) for windows-amd64 JRE (15.0.2+7-27), built on Dec  7 2020 20:02:38 by "mach5one" with unknown MS VC++:1925

END.
=======
#
# There is insufficient memory for the Java Runtime Environment to continue.
# Native memory allocation (mmap) failed to map 536870912 bytes for G1 virtual space
# Possible reasons:
#   The system is out of physical RAM or swap space
#   The process is running with CompressedOops enabled, and the Java Heap may be blocking the growth of the native heap
# Possible solutions:
#   Reduce memory load on the system
#   Increase physical memory or swap space
#   Check if swap backing store is full
#   Decrease Java heap size (-Xmx/-Xms)
#   Decrease number of Java threads
#   Decrease Java thread stack sizes (-Xss)
#   Set larger code cache with -XX:ReservedCodeCacheSize=
#   JVM is running with Zero Based Compressed Oops mode in which the Java heap is
#     placed in the first 32GB address space. The Java Heap base address is the
#     maximum limit for the native heap growth. Please use -XX:HeapBaseMinAddress
#     to set the Java Heap base and to place the Java Heap above 32GB virtual address.
# This output file may be truncated or incomplete.
#
#  Out of Memory Error (./open/src/hotspot/os/windows/os_windows.cpp:3321), pid=12480, tid=12036
#
# JRE version:  (15.0.2+7) (build )
# Java VM: OpenJDK 64-Bit Server VM (15.0.2+7-27, mixed mode, sharing, tiered, compressed oops, g1 gc, windows-amd64)
# No core dump will be written. Minidumps are not enabled by default on client versions of Windows
#

---------------  S U M M A R Y ------------

Command Line: -Dfile.encoding=Cp1251 -XX:+ShowCodeDetailsInExceptionMessages Hello

Host: Intel(R) Core(TM) i7-8700 CPU @ 3.20GHz, 12 cores, 31G,  Windows 10 , 64 bit Build 19041 (10.0.19041.928)
Time: Sat Apr 24 20:16:58 2021 RTZ 2 (зима) elapsed time: 0.007187 seconds (0d 0h 0m 0s)

---------------  T H R E A D  ---------------

Current thread (0x000002567d221850):  JavaThread "Unknown thread" [_thread_in_vm, id=12036, stack(0x0000007e9bc00000,0x0000007e9bd00000)]

Stack: [0x0000007e9bc00000,0x0000007e9bd00000]
Native frames: (J=compiled Java code, j=interpreted, Vv=VM code, C=native code)
V  [jvm.dll+0x62ae9a]
V  [jvm.dll+0x7817a9]
V  [jvm.dll+0x782f03]
V  [jvm.dll+0x783563]
V  [jvm.dll+0x216325]
V  [jvm.dll+0x6281d9]
V  [jvm.dll+0x61cf55]
V  [jvm.dll+0x2cffdd]
V  [jvm.dll+0x2cfe42]
V  [jvm.dll+0x2d5e1c]
V  [jvm.dll+0x32590a]
V  [jvm.dll+0x324fd4]
V  [jvm.dll+0x2a6f5a]
V  [jvm.dll+0x2a80f8]
V  [jvm.dll+0x75e241]
V  [jvm.dll+0x3341c4]
V  [jvm.dll+0x73e926]
V  [jvm.dll+0x3b7557]
V  [jvm.dll+0x3b8fe1]
C  [jli.dll+0x52fb]
C  [ucrtbase.dll+0x21bb2]
C  [KERNEL32.DLL+0x17034]
C  [ntdll.dll+0x52651]


---------------  P R O C E S S  ---------------

Threads class SMR info:
_java_thread_list=0x00007ff8816d4ff0, length=0, elements={
}

Java Threads: ( => current thread )

Other Threads:
  0x000002567d296da0 GCTaskThread "GC Thread#0" [stack: 0x0000007e9bd00000,0x0000007e9be00000] [id=5404]
  0x000002567d2a9770 ConcurrentGCThread "G1 Main Marker" [stack: 0x0000007e9be00000,0x0000007e9bf00000] [id=13316]
  0x000002567d2aa3e0 ConcurrentGCThread "G1 Conc#0" [stack: 0x0000007e9bf00000,0x0000007e9c000000] [id=1044]

[error occurred during error reporting (printing all threads), id 0xc0000005, EXCEPTION_ACCESS_VIOLATION (0xc0000005) at pc=0x00007ff880ec7e27]

VM state: not at safepoint (not fully initialized)

VM Mutex/Monitor currently owned by a thread:  ([mutex/lock_event])
[0x000002567d21d5b0] Heap_lock - owner thread: 0x000002567d221850

Heap address: 0x0000000601400000, size: 8172 MB, Compressed Oops mode: Zero based, Oop shift amount: 3
CDS archive(s) mapped at: [0x0000000000000000-0x0000000000000000-0x0000000000000000), size 0, SharedBaseAddress: 0x0000000800000000, ArchiveRelocationMode: 0.
Narrow klass base: 0x0000000000000000, Narrow klass shift: 0, Narrow klass range: 0x0

Heap:
 garbage-first heap   total 524288K, used 0K [0x0000000601400000, 0x0000000800000000)
  region size 4096K, 0 young (0K), 0 survivors (0K)
 Metaspace       used 0K, capacity 0K, committed 0K, reserved 0K
  class space    used 0K, capacity 0K, committed 0K, reserved 0K

Heap Regions: E=young(eden), S=young(survivor), O=old, HS=humongous(starts), HC=humongous(continues), CS=collection set, F=free, OA=open archive, CA=closed archive, TAMS=top-at-mark-start (previous, next)

Card table byte_map: [0x0000025613940000,0x0000025614940000] _byte_map_base: 0x0000025610936000

Marking Bits (Prev, Next): (CMBitMap*) 0x000002567d298620, (CMBitMap*) 0x000002567d298660
 Prev Bits: [0x0000025615940000, 0x000002561d8f0000)
 Next Bits: [0x000002561d8f0000, 0x00000256258a0000)

GC Heap History (0 events):
No events

Deoptimization events (0 events):
No events

Classes unloaded (0 events):
No events

Classes redefined (0 events):
No events

Internal exceptions (0 events):
No events

Events (1 events):
Event: 0.004 Loaded shared library C:\Users\Никита\.p2\pool\plugins\org.eclipse.justj.openjdk.hotspot.jre.full.win32.x86_64_15.0.2.v20210201-0955\jre\bin\java.dll


Dynamic libraries:
0x00007ff7561b0000 - 0x00007ff7561bd000 	C:\Users\Никита\.p2\pool\plugins\org.eclipse.justj.openjdk.hotspot.jre.full.win32.x86_64_15.0.2.v20210201-0955\jre\bin\javaw.exe
0x00007ff8e70f0000 - 0x00007ff8e72e5000 	C:\WINDOWS\SYSTEM32\ntdll.dll
0x00007ff8e5ab0000 - 0x00007ff8e5b6d000 	C:\WINDOWS\System32\KERNEL32.DLL
0x00007ff8e48d0000 - 0x00007ff8e4b98000 	C:\WINDOWS\System32\KERNELBASE.dll
0x00007ff8e4d20000 - 0x00007ff8e4e20000 	C:\WINDOWS\System32\ucrtbase.dll
0x00007ff8cf990000 - 0x00007ff8cf9a8000 	C:\Users\Никита\.p2\pool\plugins\org.eclipse.justj.openjdk.hotspot.jre.full.win32.x86_64_15.0.2.v20210201-0955\jre\bin\jli.dll
0x00007ff8cf970000 - 0x00007ff8cf989000 	C:\Users\Никита\.p2\pool\plugins\org.eclipse.justj.openjdk.hotspot.jre.full.win32.x86_64_15.0.2.v20210201-0955\jre\bin\VCRUNTIME140.dll
0x00007ff8e5300000 - 0x00007ff8e54a0000 	C:\WINDOWS\System32\USER32.dll
0x00007ff8c9730000 - 0x00007ff8c99ca000 	C:\WINDOWS\WinSxS\amd64_microsoft.windows.common-controls_6595b64144ccf1df_6.0.19041.844_none_ca00b6081b84eb1d\COMCTL32.dll
0x00007ff8e50f0000 - 0x00007ff8e5112000 	C:\WINDOWS\System32\win32u.dll
0x00007ff8e5800000 - 0x00007ff8e582a000 	C:\WINDOWS\System32\GDI32.dll
0x00007ff8e5150000 - 0x00007ff8e51ee000 	C:\WINDOWS\System32\msvcrt.dll
0x00007ff8e4e80000 - 0x00007ff8e4f8b000 	C:\WINDOWS\System32\gdi32full.dll
0x00007ff8e4830000 - 0x00007ff8e48cd000 	C:\WINDOWS\System32\msvcp_win.dll
0x00007ff8e5d90000 - 0x00007ff8e5dc0000 	C:\WINDOWS\System32\IMM32.DLL
0x00007ff8dff30000 - 0x00007ff8dff3c000 	C:\Users\Никита\.p2\pool\plugins\org.eclipse.justj.openjdk.hotspot.jre.full.win32.x86_64_15.0.2.v20210201-0955\jre\bin\vcruntime140_1.dll
0x00007ff8cd390000 - 0x00007ff8cd421000 	C:\Users\Никита\.p2\pool\plugins\org.eclipse.justj.openjdk.hotspot.jre.full.win32.x86_64_15.0.2.v20210201-0955\jre\bin\msvcp140.dll
0x00007ff880c10000 - 0x00007ff88176e000 	C:\Users\Никита\.p2\pool\plugins\org.eclipse.justj.openjdk.hotspot.jre.full.win32.x86_64_15.0.2.v20210201-0955\jre\bin\server\jvm.dll
0x00007ff8e5ef0000 - 0x00007ff8e5f9c000 	C:\WINDOWS\System32\ADVAPI32.dll
0x00007ff8e5b70000 - 0x00007ff8e5c0b000 	C:\WINDOWS\System32\sechost.dll
0x00007ff8e6070000 - 0x00007ff8e619b000 	C:\WINDOWS\System32\RPCRT4.dll
0x00007ff8e5ee0000 - 0x00007ff8e5ee8000 	C:\WINDOWS\System32\PSAPI.DLL
0x00007ff8dffe0000 - 0x00007ff8dffe9000 	C:\WINDOWS\SYSTEM32\WSOCK32.dll
0x00007ff8de0f0000 - 0x00007ff8de0fa000 	C:\WINDOWS\SYSTEM32\VERSION.dll
0x00007ff8db1d0000 - 0x00007ff8db1f7000 	C:\WINDOWS\SYSTEM32\WINMM.dll
0x00007ff8e5c10000 - 0x00007ff8e5c7b000 	C:\WINDOWS\System32\WS2_32.dll
0x00007ff8e2970000 - 0x00007ff8e2982000 	C:\WINDOWS\SYSTEM32\kernel.appcore.dll
0x00007ff8dff70000 - 0x00007ff8dff7a000 	C:\Users\Никита\.p2\pool\plugins\org.eclipse.justj.openjdk.hotspot.jre.full.win32.x86_64_15.0.2.v20210201-0955\jre\bin\jimage.dll
0x00007ff8e2760000 - 0x00007ff8e2944000 	C:\WINDOWS\SYSTEM32\DBGHELP.DLL
0x00007ff8d0200000 - 0x00007ff8d022c000 	C:\WINDOWS\SYSTEM32\dbgcore.DLL
0x00007ff8e4c50000 - 0x00007ff8e4cd0000 	C:\WINDOWS\System32\bcryptPrimitives.dll
0x00007ff8d08f0000 - 0x00007ff8d0915000 	C:\Users\Никита\.p2\pool\plugins\org.eclipse.justj.openjdk.hotspot.jre.full.win32.x86_64_15.0.2.v20210201-0955\jre\bin\java.dll

dbghelp: loaded successfully - version: 4.0.5 - missing functions: none
symbol engine: initialized successfully - sym options: 0x614 - pdb path: .;C:\Users\Никита\.p2\pool\plugins\org.eclipse.justj.openjdk.hotspot.jre.full.win32.x86_64_15.0.2.v20210201-0955\jre\bin;C:\WINDOWS\SYSTEM32;C:\WINDOWS\WinSxS\amd64_microsoft.windows.common-controls_6595b64144ccf1df_6.0.19041.844_none_ca00b6081b84eb1d;C:\Users\Никита\.p2\pool\plugins\org.eclipse.justj.openjdk.hotspot.jre.full.win32.x86_64_15.0.2.v20210201-0955\jre\bin\server

VM Arguments:
jvm_args: -Dfile.encoding=Cp1251 -XX:+ShowCodeDetailsInExceptionMessages 
java_command: Hello
java_class_path (initial): C:\Users\Никита\eclipse-workspace\First\bin
Launcher Type: SUN_STANDARD

[Global flags]
     intx CICompilerCount                          = 4                                         {product} {ergonomic}
     uint ConcGCThreads                            = 3                                         {product} {ergonomic}
     uint G1ConcRefinementThreads                  = 10                                        {product} {ergonomic}
   size_t G1HeapRegionSize                         = 4194304                                   {product} {ergonomic}
    uintx GCDrainStackTargetSize                   = 64                                        {product} {ergonomic}
   size_t InitialHeapSize                          = 536870912                                 {product} {ergonomic}
   size_t MarkStackSize                            = 4194304                                   {product} {ergonomic}
   size_t MaxHeapSize                              = 8568963072                                {product} {ergonomic}
   size_t MinHeapDeltaBytes                        = 4194304                                   {product} {ergonomic}
   size_t MinHeapSize                              = 8388608                                   {product} {ergonomic}
    uintx NonNMethodCodeHeapSize                   = 5839372                                {pd product} {ergonomic}
    uintx NonProfiledCodeHeapSize                  = 122909434                              {pd product} {ergonomic}
    uintx ProfiledCodeHeapSize                     = 122909434                              {pd product} {ergonomic}
    uintx ReservedCodeCacheSize                    = 251658240                              {pd product} {ergonomic}
     bool SegmentedCodeCache                       = true                                      {product} {ergonomic}
     bool ShowCodeDetailsInExceptionMessages       = true                                   {manageable} {command line}
   size_t SoftMaxHeapSize                          = 8568963072                             {manageable} {ergonomic}
     bool UseCompressedClassPointers               = true                                 {lp64_product} {ergonomic}
     bool UseCompressedOops                        = true                                 {lp64_product} {ergonomic}
     bool UseG1GC                                  = true                                      {product} {ergonomic}
     bool UseLargePagesIndividualAllocation        = false                                  {pd product} {ergonomic}

Logging:
Log output configuration:
 #0: stdout all=warning uptime,level,tags
 #1: stderr all=off uptime,level,tags

Environment Variables:
PATH=C:/Users/Никита/.p2/pool/plugins/org.eclipse.justj.openjdk.hotspot.jre.full.win32.x86_64_15.0.2.v20210201-0955/jre/bin/server;C:/Users/Никита/.p2/pool/plugins/org.eclipse.justj.openjdk.hotspot.jre.full.win32.x86_64_15.0.2.v20210201-0955/jre/bin;C:\Program Files (x86)\Borland\Delphi7\Bin;C:\Program Files (x86)\Borland\Delphi7\Projects\Bpl\;C:\Program Files (x86)\Common Files\Oracle\Java\javapath;C:\Program Files (x86)\Intel\Intel(R) Management Engine Components\iCLS\;C:\Program Files\Intel\Intel(R) Management Engine Components\iCLS\;C:\Windows\system32;C:\Windows;C:\Windows\System32\Wbem;C:\Windows\System32\WindowsPowerShell\v1.0\;C:\Windows\System32\OpenSSH\;C:\Program Files (x86)\Intel\Intel(R) Management Engine Components\DAL;C:\Program Files\Intel\Intel(R) Management Engine Components\DAL;C:\Program Files (x86)\Intel\Intel(R) Management Engine Components\IPT;C:\Program Files\Intel\Intel(R) Management Engine Components\IPT;C:\Program Files\NVIDIA Corporation\NVIDIA NvDLISR;C:\Program Files (x86)\NVIDIA Corporation\PhysX\Common;C:\FPC\3.0.4\bin\i386-Win32;C:\Program Files (x86)\Java\jdk-11.0.2;C:\Program Files\dotnet\;C:\Program Files\Microsoft SQL Server\130\Tools\Binn\;C:\Program Files\Microsoft SQL Server\Client SDK\ODBC\170\Tools\Binn\;C:\Program Files\nodejs\;C:\WINDOWS\system32;C:\WINDOWS;C:\WINDOWS\System32\Wbem;C:\WINDOWS\System32\WindowsPowerShell\v1.0\;C:\WINDOWS\System32\OpenSSH\;C:\Program Files (x86)\Rational\common;C:\Users\Никита\AppData\Local\Programs\Python\Python38-32\Scripts\;C:\Users\Никита\AppData\Local\Programs\Python\Python38-32\;C:\Users\Никита\AppData\Local\Microsoft\WindowsApps;C:\Users\Никита\AppData\Roaming\npm;C:\Program Files\JetBrains\WebStorm 2019.3.1\bin;;;C:\DataGrip 2020.1.5\bin;;C:\WINDOWS\system32;
USERNAME=Никита
OS=Windows_NT
PROCESSOR_IDENTIFIER=Intel64 Family 6 Model 158 Stepping 10, GenuineIntel



---------------  S Y S T E M  ---------------

OS:
 Windows 10 , 64 bit Build 19041 (10.0.19041.928)
OS uptime: 0 days 11:48 hours

CPU: total 12 (initial active 12) (6 cores per cpu, 2 threads per core) family 6 model 158 stepping 10 microcode 0xde, cmov, cx8, fxsr, mmx, sse, sse2, sse3, ssse3, sse4.1, sse4.2, popcnt, vzeroupper, avx, avx2, aes, clmul, erms, rtm, 3dnowpref, lzcnt, ht, tsc, tscinvbit, bmi1, bmi2, adx, fma, clflush, clflushopt

Memory: 4k page, system-wide physical 32684M (24500M free)
TotalPageFile size 32684M (AvailPageFile size 89M)
current process WorkingSet (physical memory assigned to process): 10M, peak: 10M
current process commit charge ("private bytes"): 64M, peak: 576M

vm_info: OpenJDK 64-Bit Server VM (15.0.2+7-27) for windows-amd64 JRE (15.0.2+7-27), built on Dec  7 2020 20:02:38 by "mach5one" with unknown MS VC++:1925

END.
>>>>>>> ad22ee082dac6ece8d23d5999a86f8d8c86438df
